<?xml version="1.0" encoding="UTF-8"?>
<!-- Generated by org.testng.reporters.JUnitReportReporter -->
<testsuite hostname="VASANTH" failures="0" tests="1" name="cucOptions.TestRunner" time="15.468" errors="0" timestamp="2023-02-15T11:28:57 IST" skipped="0">
  <testcase classname="cucOptions.TestRunner" name="runScenario" time="15.468"/>
  <system-out/>
</testsuite> <!-- cucOptions.TestRunner -->
