<?xml version="1.0" encoding="UTF-8"?>
<!-- Generated by org.testng.reporters.JUnitReportReporter -->
<testsuite hostname="VASANTH" failures="0" tests="1" name="cucOptions.TestRunner" time="17.872" errors="0" timestamp="2023-01-21T10:20:40 IST" skipped="0">
  <testcase classname="cucOptions.TestRunner" name="runScenario" time="17.872"/>
  <system-out/>
</testsuite> <!-- cucOptions.TestRunner -->
